#
# There is insufficient memory for the Java Runtime Environment to continue.
# Native memory allocation (mmap) failed to map 65536 bytes for Failed to commit metaspace.
# Possible reasons:
#   The system is out of physical RAM or swap space
#   The process is running with CompressedOops enabled, and the Java Heap may be blocking the growth of the native heap
# Possible solutions:
#   Reduce memory load on the system
#   Increase physical memory or swap space
#   Check if swap backing store is full
#   Decrease Java heap size (-Xmx/-Xms)
#   Decrease number of Java threads
#   Decrease Java thread stack sizes (-Xss)
#   Set larger code cache with -XX:ReservedCodeCacheSize=
#   JVM is running with Unscaled Compressed Oops mode in which the Java heap is
#     placed in the first 4GB address space. The Java Heap base address is the
#     maximum limit for the native heap growth. Please use -XX:HeapBaseMinAddress
#     to set the Java Heap base and to place the Java Heap above 4GB virtual address.
# This output file may be truncated or incomplete.
#
#  Out of Memory Error (virtualSpaceNode.cpp:110), pid=1628, tid=14572
#
# JRE version: Java(TM) SE Runtime Environment (20.0.2+9) (build 20.0.2+9-78)
# Java VM: Java HotSpot(TM) 64-Bit Server VM (20.0.2+9-78, mixed mode, tiered, compressed oops, compressed class ptrs, g1 gc, windows-amd64)
# No core dump will be written. Minidumps are not enabled by default on client versions of Windows
#

---------------  S U M M A R Y ------------

Command Line: -Dfile.encoding=UTF-8 --module-path=C:\Users\Selva\Documents\Projects\OOAD\CanteenManagementSystem\build\classes canteenmanagementsystem.CanteenInterface

Host: 11th Gen Intel(R) Core(TM) i5-1135G7 @ 2.40GHz, 8 cores, 7G,  Windows 11 , 64 bit Build 22621 (10.0.22621.2428)
Time: Wed Nov 15 23:11:00 2023 India Standard Time elapsed time: 0.076591 seconds (0d 0h 0m 0s)

---------------  T H R E A D  ---------------

Current thread (0x000001a7e52a3f90):  JavaThread "main" [_thread_in_vm, id=14572, stack(0x0000006c34500000,0x0000006c34600000)]

Stack: [0x0000006c34500000,0x0000006c34600000]
Native frames: (J=compiled Java code, j=interpreted, Vv=VM code, C=native code)
V  [jvm.dll+0x6bc25a]
V  [jvm.dll+0x84971a]
V  [jvm.dll+0x84b315]
V  [jvm.dll+0x84ba13]
V  [jvm.dll+0x280e4f]
V  [jvm.dll+0x84565b]
V  [jvm.dll+0x660616]
V  [jvm.dll+0x66067a]
V  [jvm.dll+0x662f53]
V  [jvm.dll+0x662e1e]
V  [jvm.dll+0x66102e]
V  [jvm.dll+0x26c9df]
V  [jvm.dll+0x66b665]
V  [jvm.dll+0x21b712]
V  [jvm.dll+0x21bc45]
V  [jvm.dll+0x21c631]
V  [jvm.dll+0x211a50]
V  [jvm.dll+0x59c7cc]
V  [jvm.dll+0x22303a]
V  [jvm.dll+0x7c38c4]
V  [jvm.dll+0x7c4a0f]
V  [jvm.dll+0x7c4fbf]
V  [jvm.dll+0x7c4c68]
V  [jvm.dll+0x2705bb]
V  [jvm.dll+0x2707df]
V  [jvm.dll+0x5be3f8]
V  [jvm.dll+0x5c1357]
V  [jvm.dll+0x3dc520]
V  [jvm.dll+0x3dbb5f]
C  0x000001a7f48df040

Java frames: (J=compiled Java code, j=interpreted, Vv=VM code)
j  java.lang.invoke.LambdaForm.editor()Ljava/lang/invoke/LambdaFormEditor;+1 java.base@20.0.2
j  java.lang.invoke.MethodHandles.dropArgumentsTrusted(Ljava/lang/invoke/MethodHandle;I[Ljava/lang/Class;)Ljava/lang/invoke/MethodHandle;+73 java.base@20.0.2
j  java.lang.invoke.MethodHandles.dropArguments(Ljava/lang/invoke/MethodHandle;I[Ljava/lang/Class;)Ljava/lang/invoke/MethodHandle;+9 java.base@20.0.2
j  jdk.internal.reflect.MethodHandleAccessorFactory.makeSpecializedTarget(Ljava/lang/invoke/MethodHandle;ZZ)Ljava/lang/invoke/MethodHandle;+86 java.base@20.0.2
j  jdk.internal.reflect.MethodHandleAccessorFactory.getDirectMethod(Ljava/lang/reflect/Method;Z)Ljava/lang/invoke/MethodHandle;+79 java.base@20.0.2
j  jdk.internal.reflect.MethodHandleAccessorFactory.newMethodAccessor(Ljava/lang/reflect/Method;Z)Ljdk/internal/reflect/MethodAccessorImpl;+41 java.base@20.0.2
j  jdk.internal.reflect.ReflectionFactory.newMethodAccessor(Ljava/lang/reflect/Method;Z)Ljdk/internal/reflect/MethodAccessor;+28 java.base@20.0.2
j  java.lang.reflect.Method.acquireMethodAccessor()Ljdk/internal/reflect/MethodAccessor;+38 java.base@20.0.2
j  java.lang.reflect.Method.invoke(Ljava/lang/Object;[Ljava/lang/Object;)Ljava/lang/Object;+75 java.base@20.0.2
j  java.lang.Class.getEnumConstantsShared()[Ljava/lang/Object;+49 java.base@20.0.2
j  java.lang.System$2.getEnumConstantsShared(Ljava/lang/Class;)[Ljava/lang/Enum;+1 java.base@20.0.2
j  java.util.EnumMap.getKeyUniverse(Ljava/lang/Class;)[Ljava/lang/Enum;+4 java.base@20.0.2
j  java.util.EnumMap.<init>(Ljava/lang/Class;)V+16 java.base@20.0.2
j  java.util.stream.StreamOpFlag.set(Ljava/util/stream/StreamOpFlag$Type;)Ljava/util/stream/StreamOpFlag$MaskBuilder;+10 java.base@20.0.2
j  java.util.stream.StreamOpFlag.<clinit>()V+11 java.base@20.0.2
v  ~StubRoutines::call_stub 0x000001a7f48b10e7
j  java.util.stream.StreamSupport.stream(Ljava/util/Spliterator;Z)Ljava/util/stream/Stream;+11 java.base@20.0.2
j  java.util.Collection.stream()Ljava/util/stream/Stream;+7 java.base@20.0.2
j  jdk.internal.module.DefaultRoots.compute(Ljava/lang/module/ModuleFinder;Ljava/lang/module/ModuleFinder;)Ljava/util/Set;+6 java.base@20.0.2
j  jdk.internal.module.ModuleBootstrap.boot2()Ljava/lang/ModuleLayer;+727 java.base@20.0.2
j  jdk.internal.module.ModuleBootstrap.boot()Ljava/lang/ModuleLayer;+64 java.base@20.0.2
j  java.lang.System.initPhase2(ZZ)I+0 java.base@20.0.2
v  ~StubRoutines::call_stub 0x000001a7f48b10e7

---------------  P R O C E S S  ---------------

Threads class SMR info:
_java_thread_list=0x000001a786156230, length=9, elements={
0x000001a7e52a3f90, 0x000001a786150660, 0x000001a7861515f0, 0x000001a7861731e0,
0x000001a786175430, 0x000001a786195f70, 0x000001a7861969a0, 0x000001a786155500,
0x000001a786156290
}

Java Threads: ( => current thread )
=>0x000001a7e52a3f90 JavaThread "main" [_thread_in_vm, id=14572, stack(0x0000006c34500000,0x0000006c34600000)]
  0x000001a786150660 JavaThread "Reference Handler" daemon [_thread_blocked, id=12140, stack(0x0000006c34c00000,0x0000006c34d00000)]
  0x000001a7861515f0 JavaThread "Finalizer" daemon [_thread_blocked, id=23588, stack(0x0000006c34d00000,0x0000006c34e00000)]
  0x000001a7861731e0 JavaThread "Signal Dispatcher" daemon [_thread_blocked, id=33408, stack(0x0000006c34e00000,0x0000006c34f00000)]
  0x000001a786175430 JavaThread "Attach Listener" daemon [_thread_blocked, id=7720, stack(0x0000006c34f00000,0x0000006c35000000)]
  0x000001a786195f70 JavaThread "Service Thread" daemon [_thread_blocked, id=32016, stack(0x0000006c35000000,0x0000006c35100000)]
  0x000001a7861969a0 JavaThread "Monitor Deflation Thread" daemon [_thread_blocked, id=11144, stack(0x0000006c35100000,0x0000006c35200000)]
  0x000001a786155500 JavaThread "C2 CompilerThread0" daemon [_thread_blocked, id=19492, stack(0x0000006c35200000,0x0000006c35300000)]
  0x000001a786156290 JavaThread "C1 CompilerThread0" daemon [_thread_blocked, id=21468, stack(0x0000006c35300000,0x0000006c35400000)]

Other Threads:
  0x000001a7ffc3eaf0 VMThread "VM Thread" [stack: 0x0000006c34b00000,0x0000006c34c00000] [id=5344]
  0x000001a7e5304620 WorkerThread "GC Thread#0" [stack: 0x0000006c34600000,0x0000006c34700000] [id=24236]
  0x000001a7e5314f70 ConcurrentGCThread "G1 Main Marker" [stack: 0x0000006c34700000,0x0000006c34800000] [id=27824]
  0x000001a7e5315b40 WorkerThread "G1 Conc#0" [stack: 0x0000006c34800000,0x0000006c34900000] [id=20896]
  0x000001a7e536e6c0 ConcurrentGCThread "G1 Refine#0" [stack: 0x0000006c34900000,0x0000006c34a00000] [id=31148]
  0x000001a7ffa9e390 ConcurrentGCThread "G1 Service" [stack: 0x0000006c34a00000,0x0000006c34b00000] [id=23668]

Threads with active compile tasks:

VM state: not at safepoint (normal execution)

VM Mutex/Monitor currently owned by a thread:  ([mutex/lock_event])
[0x000001a7e2ffb3a0] Metaspace_lock - owner thread: 0x000001a7e52a3f90

Heap address: 0x0000000083200000, size: 1998 MB, Compressed Oops mode: 32-bit

CDS archive(s) not mapped
Compressed class space mapped at: 0x0000000100000000-0x0000000140000000, reserved size: 1073741824
Narrow klass base: 0x0000000000000000, Narrow klass shift: 3, Narrow klass range: 0x140000000

GC Precious Log:
 CardTable entry size: 512
 Card Set container configuration: InlinePtr #cards 5 size 8 Array Of Cards #cards 12 size 40 Howl #buckets 4 coarsen threshold 1843 Howl Bitmap #cards 512 size 80 coarsen threshold 460 Card regions per heap region 1 cards per card region 2048
 CPUs: 8 total, 8 available
 Memory: 7991M
 Large Page Support: Disabled
 NUMA Support: Disabled
 Compressed Oops: Enabled (32-bit)
 Heap Region Size: 1M
 Heap Min Capacity: 8M
 Heap Initial Capacity: 126M
 Heap Max Capacity: 1998M
 Pre-touch: Disabled
 Parallel Workers: 8
 Concurrent Workers: 2
 Concurrent Refinement Workers: 8
 Periodic GC: Disabled

Heap:
 garbage-first heap   total 129024K, used 1024K [0x0000000083200000, 0x0000000100000000)
  region size 1024K, 2 young (2048K), 0 survivors (0K)
 Metaspace       used 4850K, committed 4864K, reserved 1114112K
  class space    used 371K, committed 384K, reserved 1048576K

Heap Regions: E=young(eden), S=young(survivor), O=old, HS=humongous(starts), HC=humongous(continues), CS=collection set, F=free, OA=open archive, CA=closed archive, TAMS=top-at-mark-start, PB=parsable bottom
|   0|0x0000000083200000, 0x0000000083200000, 0x0000000083300000|  0%| F|  |TAMS 0x0000000083200000| PB 0x0000000083200000| Untracked 
|   1|0x0000000083300000, 0x0000000083300000, 0x0000000083400000|  0%| F|  |TAMS 0x0000000083300000| PB 0x0000000083300000| Untracked 
|   2|0x0000000083400000, 0x0000000083400000, 0x0000000083500000|  0%| F|  |TAMS 0x0000000083400000| PB 0x0000000083400000| Untracked 
|   3|0x0000000083500000, 0x0000000083500000, 0x0000000083600000|  0%| F|  |TAMS 0x0000000083500000| PB 0x0000000083500000| Untracked 
|   4|0x0000000083600000, 0x0000000083600000, 0x0000000083700000|  0%| F|  |TAMS 0x0000000083600000| PB 0x0000000083600000| Untracked 
|   5|0x0000000083700000, 0x0000000083700000, 0x0000000083800000|  0%| F|  |TAMS 0x0000000083700000| PB 0x0000000083700000| Untracked 
|   6|0x0000000083800000, 0x0000000083800000, 0x0000000083900000|  0%| F|  |TAMS 0x0000000083800000| PB 0x0000000083800000| Untracked 
|   7|0x0000000083900000, 0x0000000083900000, 0x0000000083a00000|  0%| F|  |TAMS 0x0000000083900000| PB 0x0000000083900000| Untracked 
|   8|0x0000000083a00000, 0x0000000083a00000, 0x0000000083b00000|  0%| F|  |TAMS 0x0000000083a00000| PB 0x0000000083a00000| Untracked 
|   9|0x0000000083b00000, 0x0000000083b00000, 0x0000000083c00000|  0%| F|  |TAMS 0x0000000083b00000| PB 0x0000000083b00000| Untracked 
|  10|0x0000000083c00000, 0x0000000083c00000, 0x0000000083d00000|  0%| F|  |TAMS 0x0000000083c00000| PB 0x0000000083c00000| Untracked 
|  11|0x0000000083d00000, 0x0000000083d00000, 0x0000000083e00000|  0%| F|  |TAMS 0x0000000083d00000| PB 0x0000000083d00000| Untracked 
|  12|0x0000000083e00000, 0x0000000083e00000, 0x0000000083f00000|  0%| F|  |TAMS 0x0000000083e00000| PB 0x0000000083e00000| Untracked 
|  13|0x0000000083f00000, 0x0000000083f00000, 0x0000000084000000|  0%| F|  |TAMS 0x0000000083f00000| PB 0x0000000083f00000| Untracked 
|  14|0x0000000084000000, 0x0000000084000000, 0x0000000084100000|  0%| F|  |TAMS 0x0000000084000000| PB 0x0000000084000000| Untracked 
|  15|0x0000000084100000, 0x0000000084100000, 0x0000000084200000|  0%| F|  |TAMS 0x0000000084100000| PB 0x0000000084100000| Untracked 
|  16|0x0000000084200000, 0x0000000084200000, 0x0000000084300000|  0%| F|  |TAMS 0x0000000084200000| PB 0x0000000084200000| Untracked 
|  17|0x0000000084300000, 0x0000000084300000, 0x0000000084400000|  0%| F|  |TAMS 0x0000000084300000| PB 0x0000000084300000| Untracked 
|  18|0x0000000084400000, 0x0000000084400000, 0x0000000084500000|  0%| F|  |TAMS 0x0000000084400000| PB 0x0000000084400000| Untracked 
|  19|0x0000000084500000, 0x0000000084500000, 0x0000000084600000|  0%| F|  |TAMS 0x0000000084500000| PB 0x0000000084500000| Untracked 
|  20|0x0000000084600000, 0x0000000084600000, 0x0000000084700000|  0%| F|  |TAMS 0x0000000084600000| PB 0x0000000084600000| Untracked 
|  21|0x0000000084700000, 0x0000000084700000, 0x0000000084800000|  0%| F|  |TAMS 0x0000000084700000| PB 0x0000000084700000| Untracked 
|  22|0x0000000084800000, 0x0000000084800000, 0x0000000084900000|  0%| F|  |TAMS 0x0000000084800000| PB 0x0000000084800000| Untracked 
|  23|0x0000000084900000, 0x0000000084900000, 0x0000000084a00000|  0%| F|  |TAMS 0x0000000084900000| PB 0x0000000084900000| Untracked 
|  24|0x0000000084a00000, 0x0000000084a00000, 0x0000000084b00000|  0%| F|  |TAMS 0x0000000084a00000| PB 0x0000000084a00000| Untracked 
|  25|0x0000000084b00000, 0x0000000084b00000, 0x0000000084c00000|  0%| F|  |TAMS 0x0000000084b00000| PB 0x0000000084b00000| Untracked 
|  26|0x0000000084c00000, 0x0000000084c00000, 0x0000000084d00000|  0%| F|  |TAMS 0x0000000084c00000| PB 0x0000000084c00000| Untracked 
|  27|0x0000000084d00000, 0x0000000084d00000, 0x0000000084e00000|  0%| F|  |TAMS 0x0000000084d00000| PB 0x0000000084d00000| Untracked 
|  28|0x0000000084e00000, 0x0000000084e00000, 0x0000000084f00000|  0%| F|  |TAMS 0x0000000084e00000| PB 0x0000000084e00000| Untracked 
|  29|0x0000000084f00000, 0x0000000084f00000, 0x0000000085000000|  0%| F|  |TAMS 0x0000000084f00000| PB 0x0000000084f00000| Untracked 
|  30|0x0000000085000000, 0x0000000085000000, 0x0000000085100000|  0%| F|  |TAMS 0x0000000085000000| PB 0x0000000085000000| Untracked 
|  31|0x0000000085100000, 0x0000000085100000, 0x0000000085200000|  0%| F|  |TAMS 0x0000000085100000| PB 0x0000000085100000| Untracked 
|  32|0x0000000085200000, 0x0000000085200000, 0x0000000085300000|  0%| F|  |TAMS 0x0000000085200000| PB 0x0000000085200000| Untracked 
|  33|0x0000000085300000, 0x0000000085300000, 0x0000000085400000|  0%| F|  |TAMS 0x0000000085300000| PB 0x0000000085300000| Untracked 
|  34|0x0000000085400000, 0x0000000085400000, 0x0000000085500000|  0%| F|  |TAMS 0x0000000085400000| PB 0x0000000085400000| Untracked 
|  35|0x0000000085500000, 0x0000000085500000, 0x0000000085600000|  0%| F|  |TAMS 0x0000000085500000| PB 0x0000000085500000| Untracked 
|  36|0x0000000085600000, 0x0000000085600000, 0x0000000085700000|  0%| F|  |TAMS 0x0000000085600000| PB 0x0000000085600000| Untracked 
|  37|0x0000000085700000, 0x0000000085700000, 0x0000000085800000|  0%| F|  |TAMS 0x0000000085700000| PB 0x0000000085700000| Untracked 
|  38|0x0000000085800000, 0x0000000085800000, 0x0000000085900000|  0%| F|  |TAMS 0x0000000085800000| PB 0x0000000085800000| Untracked 
|  39|0x0000000085900000, 0x0000000085900000, 0x0000000085a00000|  0%| F|  |TAMS 0x0000000085900000| PB 0x0000000085900000| Untracked 
|  40|0x0000000085a00000, 0x0000000085a00000, 0x0000000085b00000|  0%| F|  |TAMS 0x0000000085a00000| PB 0x0000000085a00000| Untracked 
|  41|0x0000000085b00000, 0x0000000085b00000, 0x0000000085c00000|  0%| F|  |TAMS 0x0000000085b00000| PB 0x0000000085b00000| Untracked 
|  42|0x0000000085c00000, 0x0000000085c00000, 0x0000000085d00000|  0%| F|  |TAMS 0x0000000085c00000| PB 0x0000000085c00000| Untracked 
|  43|0x0000000085d00000, 0x0000000085d00000, 0x0000000085e00000|  0%| F|  |TAMS 0x0000000085d00000| PB 0x0000000085d00000| Untracked 
|  44|0x0000000085e00000, 0x0000000085e00000, 0x0000000085f00000|  0%| F|  |TAMS 0x0000000085e00000| PB 0x0000000085e00000| Untracked 
|  45|0x0000000085f00000, 0x0000000085f00000, 0x0000000086000000|  0%| F|  |TAMS 0x0000000085f00000| PB 0x0000000085f00000| Untracked 
|  46|0x0000000086000000, 0x0000000086000000, 0x0000000086100000|  0%| F|  |TAMS 0x0000000086000000| PB 0x0000000086000000| Untracked 
|  47|0x0000000086100000, 0x0000000086100000, 0x0000000086200000|  0%| F|  |TAMS 0x0000000086100000| PB 0x0000000086100000| Untracked 
|  48|0x0000000086200000, 0x0000000086200000, 0x0000000086300000|  0%| F|  |TAMS 0x0000000086200000| PB 0x0000000086200000| Untracked 
|  49|0x0000000086300000, 0x0000000086300000, 0x0000000086400000|  0%| F|  |TAMS 0x0000000086300000| PB 0x0000000086300000| Untracked 
|  50|0x0000000086400000, 0x0000000086400000, 0x0000000086500000|  0%| F|  |TAMS 0x0000000086400000| PB 0x0000000086400000| Untracked 
|  51|0x0000000086500000, 0x0000000086500000, 0x0000000086600000|  0%| F|  |TAMS 0x0000000086500000| PB 0x0000000086500000| Untracked 
|  52|0x0000000086600000, 0x0000000086600000, 0x0000000086700000|  0%| F|  |TAMS 0x0000000086600000| PB 0x0000000086600000| Untracked 
|  53|0x0000000086700000, 0x0000000086700000, 0x0000000086800000|  0%| F|  |TAMS 0x0000000086700000| PB 0x0000000086700000| Untracked 
|  54|0x0000000086800000, 0x0000000086800000, 0x0000000086900000|  0%| F|  |TAMS 0x0000000086800000| PB 0x0000000086800000| Untracked 
|  55|0x0000000086900000, 0x0000000086900000, 0x0000000086a00000|  0%| F|  |TAMS 0x0000000086900000| PB 0x0000000086900000| Untracked 
|  56|0x0000000086a00000, 0x0000000086a00000, 0x0000000086b00000|  0%| F|  |TAMS 0x0000000086a00000| PB 0x0000000086a00000| Untracked 
|  57|0x0000000086b00000, 0x0000000086b00000, 0x0000000086c00000|  0%| F|  |TAMS 0x0000000086b00000| PB 0x0000000086b00000| Untracked 
|  58|0x0000000086c00000, 0x0000000086c00000, 0x0000000086d00000|  0%| F|  |TAMS 0x0000000086c00000| PB 0x0000000086c00000| Untracked 
|  59|0x0000000086d00000, 0x0000000086d00000, 0x0000000086e00000|  0%| F|  |TAMS 0x0000000086d00000| PB 0x0000000086d00000| Untracked 
|  60|0x0000000086e00000, 0x0000000086e00000, 0x0000000086f00000|  0%| F|  |TAMS 0x0000000086e00000| PB 0x0000000086e00000| Untracked 
|  61|0x0000000086f00000, 0x0000000086f00000, 0x0000000087000000|  0%| F|  |TAMS 0x0000000086f00000| PB 0x0000000086f00000| Untracked 
|  62|0x0000000087000000, 0x0000000087000000, 0x0000000087100000|  0%| F|  |TAMS 0x0000000087000000| PB 0x0000000087000000| Untracked 
|  63|0x0000000087100000, 0x0000000087100000, 0x0000000087200000|  0%| F|  |TAMS 0x0000000087100000| PB 0x0000000087100000| Untracked 
|  64|0x0000000087200000, 0x0000000087200000, 0x0000000087300000|  0%| F|  |TAMS 0x0000000087200000| PB 0x0000000087200000| Untracked 
|  65|0x0000000087300000, 0x0000000087300000, 0x0000000087400000|  0%| F|  |TAMS 0x0000000087300000| PB 0x0000000087300000| Untracked 
|  66|0x0000000087400000, 0x0000000087400000, 0x0000000087500000|  0%| F|  |TAMS 0x0000000087400000| PB 0x0000000087400000| Untracked 
|  67|0x0000000087500000, 0x0000000087500000, 0x0000000087600000|  0%| F|  |TAMS 0x0000000087500000| PB 0x0000000087500000| Untracked 
|  68|0x0000000087600000, 0x0000000087600000, 0x0000000087700000|  0%| F|  |TAMS 0x0000000087600000| PB 0x0000000087600000| Untracked 
|  69|0x0000000087700000, 0x0000000087700000, 0x0000000087800000|  0%| F|  |TAMS 0x0000000087700000| PB 0x0000000087700000| Untracked 
|  70|0x0000000087800000, 0x0000000087800000, 0x0000000087900000|  0%| F|  |TAMS 0x0000000087800000| PB 0x0000000087800000| Untracked 
|  71|0x0000000087900000, 0x0000000087900000, 0x0000000087a00000|  0%| F|  |TAMS 0x0000000087900000| PB 0x0000000087900000| Untracked 
|  72|0x0000000087a00000, 0x0000000087a00000, 0x0000000087b00000|  0%| F|  |TAMS 0x0000000087a00000| PB 0x0000000087a00000| Untracked 
|  73|0x0000000087b00000, 0x0000000087b00000, 0x0000000087c00000|  0%| F|  |TAMS 0x0000000087b00000| PB 0x0000000087b00000| Untracked 
|  74|0x0000000087c00000, 0x0000000087c00000, 0x0000000087d00000|  0%| F|  |TAMS 0x0000000087c00000| PB 0x0000000087c00000| Untracked 
|  75|0x0000000087d00000, 0x0000000087d00000, 0x0000000087e00000|  0%| F|  |TAMS 0x0000000087d00000| PB 0x0000000087d00000| Untracked 
|  76|0x0000000087e00000, 0x0000000087e00000, 0x0000000087f00000|  0%| F|  |TAMS 0x0000000087e00000| PB 0x0000000087e00000| Untracked 
|  77|0x0000000087f00000, 0x0000000087f00000, 0x0000000088000000|  0%| F|  |TAMS 0x0000000087f00000| PB 0x0000000087f00000| Untracked 
|  78|0x0000000088000000, 0x0000000088000000, 0x0000000088100000|  0%| F|  |TAMS 0x0000000088000000| PB 0x0000000088000000| Untracked 
|  79|0x0000000088100000, 0x0000000088100000, 0x0000000088200000|  0%| F|  |TAMS 0x0000000088100000| PB 0x0000000088100000| Untracked 
|  80|0x0000000088200000, 0x0000000088200000, 0x0000000088300000|  0%| F|  |TAMS 0x0000000088200000| PB 0x0000000088200000| Untracked 
|  81|0x0000000088300000, 0x0000000088300000, 0x0000000088400000|  0%| F|  |TAMS 0x0000000088300000| PB 0x0000000088300000| Untracked 
|  82|0x0000000088400000, 0x0000000088400000, 0x0000000088500000|  0%| F|  |TAMS 0x0000000088400000| PB 0x0000000088400000| Untracked 
|  83|0x0000000088500000, 0x0000000088500000, 0x0000000088600000|  0%| F|  |TAMS 0x0000000088500000| PB 0x0000000088500000| Untracked 
|  84|0x0000000088600000, 0x0000000088600000, 0x0000000088700000|  0%| F|  |TAMS 0x0000000088600000| PB 0x0000000088600000| Untracked 
|  85|0x0000000088700000, 0x0000000088700000, 0x0000000088800000|  0%| F|  |TAMS 0x0000000088700000| PB 0x0000000088700000| Untracked 
|  86|0x0000000088800000, 0x0000000088800000, 0x0000000088900000|  0%| F|  |TAMS 0x0000000088800000| PB 0x0000000088800000| Untracked 
|  87|0x0000000088900000, 0x0000000088900000, 0x0000000088a00000|  0%| F|  |TAMS 0x0000000088900000| PB 0x0000000088900000| Untracked 
|  88|0x0000000088a00000, 0x0000000088a00000, 0x0000000088b00000|  0%| F|  |TAMS 0x0000000088a00000| PB 0x0000000088a00000| Untracked 
|  89|0x0000000088b00000, 0x0000000088b00000, 0x0000000088c00000|  0%| F|  |TAMS 0x0000000088b00000| PB 0x0000000088b00000| Untracked 
|  90|0x0000000088c00000, 0x0000000088c00000, 0x0000000088d00000|  0%| F|  |TAMS 0x0000000088c00000| PB 0x0000000088c00000| Untracked 
|  91|0x0000000088d00000, 0x0000000088d00000, 0x0000000088e00000|  0%| F|  |TAMS 0x0000000088d00000| PB 0x0000000088d00000| Untracked 
|  92|0x0000000088e00000, 0x0000000088e00000, 0x0000000088f00000|  0%| F|  |TAMS 0x0000000088e00000| PB 0x0000000088e00000| Untracked 
|  93|0x0000000088f00000, 0x0000000088f00000, 0x0000000089000000|  0%| F|  |TAMS 0x0000000088f00000| PB 0x0000000088f00000| Untracked 
|  94|0x0000000089000000, 0x0000000089000000, 0x0000000089100000|  0%| F|  |TAMS 0x0000000089000000| PB 0x0000000089000000| Untracked 
|  95|0x0000000089100000, 0x0000000089100000, 0x0000000089200000|  0%| F|  |TAMS 0x0000000089100000| PB 0x0000000089100000| Untracked 
|  96|0x0000000089200000, 0x0000000089200000, 0x0000000089300000|  0%| F|  |TAMS 0x0000000089200000| PB 0x0000000089200000| Untracked 
|  97|0x0000000089300000, 0x0000000089300000, 0x0000000089400000|  0%| F|  |TAMS 0x0000000089300000| PB 0x0000000089300000| Untracked 
|  98|0x0000000089400000, 0x0000000089400000, 0x0000000089500000|  0%| F|  |TAMS 0x0000000089400000| PB 0x0000000089400000| Untracked 
|  99|0x0000000089500000, 0x0000000089500000, 0x0000000089600000|  0%| F|  |TAMS 0x0000000089500000| PB 0x0000000089500000| Untracked 
| 100|0x0000000089600000, 0x0000000089600000, 0x0000000089700000|  0%| F|  |TAMS 0x0000000089600000| PB 0x0000000089600000| Untracked 
| 101|0x0000000089700000, 0x0000000089700000, 0x0000000089800000|  0%| F|  |TAMS 0x0000000089700000| PB 0x0000000089700000| Untracked 
| 102|0x0000000089800000, 0x0000000089800000, 0x0000000089900000|  0%| F|  |TAMS 0x0000000089800000| PB 0x0000000089800000| Untracked 
| 103|0x0000000089900000, 0x0000000089900000, 0x0000000089a00000|  0%| F|  |TAMS 0x0000000089900000| PB 0x0000000089900000| Untracked 
| 104|0x0000000089a00000, 0x0000000089a00000, 0x0000000089b00000|  0%| F|  |TAMS 0x0000000089a00000| PB 0x0000000089a00000| Untracked 
| 105|0x0000000089b00000, 0x0000000089b00000, 0x0000000089c00000|  0%| F|  |TAMS 0x0000000089b00000| PB 0x0000000089b00000| Untracked 
| 106|0x0000000089c00000, 0x0000000089c00000, 0x0000000089d00000|  0%| F|  |TAMS 0x0000000089c00000| PB 0x0000000089c00000| Untracked 
| 107|0x0000000089d00000, 0x0000000089d00000, 0x0000000089e00000|  0%| F|  |TAMS 0x0000000089d00000| PB 0x0000000089d00000| Untracked 
| 108|0x0000000089e00000, 0x0000000089e00000, 0x0000000089f00000|  0%| F|  |TAMS 0x0000000089e00000| PB 0x0000000089e00000| Untracked 
| 109|0x0000000089f00000, 0x0000000089f00000, 0x000000008a000000|  0%| F|  |TAMS 0x0000000089f00000| PB 0x0000000089f00000| Untracked 
| 110|0x000000008a000000, 0x000000008a000000, 0x000000008a100000|  0%| F|  |TAMS 0x000000008a000000| PB 0x000000008a000000| Untracked 
| 111|0x000000008a100000, 0x000000008a100000, 0x000000008a200000|  0%| F|  |TAMS 0x000000008a100000| PB 0x000000008a100000| Untracked 
| 112|0x000000008a200000, 0x000000008a200000, 0x000000008a300000|  0%| F|  |TAMS 0x000000008a200000| PB 0x000000008a200000| Untracked 
| 113|0x000000008a300000, 0x000000008a300000, 0x000000008a400000|  0%| F|  |TAMS 0x000000008a300000| PB 0x000000008a300000| Untracked 
| 114|0x000000008a400000, 0x000000008a400000, 0x000000008a500000|  0%| F|  |TAMS 0x000000008a400000| PB 0x000000008a400000| Untracked 
| 115|0x000000008a500000, 0x000000008a500000, 0x000000008a600000|  0%| F|  |TAMS 0x000000008a500000| PB 0x000000008a500000| Untracked 
| 116|0x000000008a600000, 0x000000008a600000, 0x000000008a700000|  0%| F|  |TAMS 0x000000008a600000| PB 0x000000008a600000| Untracked 
| 117|0x000000008a700000, 0x000000008a700000, 0x000000008a800000|  0%| F|  |TAMS 0x000000008a700000| PB 0x000000008a700000| Untracked 
| 118|0x000000008a800000, 0x000000008a800000, 0x000000008a900000|  0%| F|  |TAMS 0x000000008a800000| PB 0x000000008a800000| Untracked 
| 119|0x000000008a900000, 0x000000008a900000, 0x000000008aa00000|  0%| F|  |TAMS 0x000000008a900000| PB 0x000000008a900000| Untracked 
| 120|0x000000008aa00000, 0x000000008aa00000, 0x000000008ab00000|  0%| F|  |TAMS 0x000000008aa00000| PB 0x000000008aa00000| Untracked 
| 121|0x000000008ab00000, 0x000000008ab00000, 0x000000008ac00000|  0%| F|  |TAMS 0x000000008ab00000| PB 0x000000008ab00000| Untracked 
| 122|0x000000008ac00000, 0x000000008ac00000, 0x000000008ad00000|  0%| F|  |TAMS 0x000000008ac00000| PB 0x000000008ac00000| Untracked 
| 123|0x000000008ad00000, 0x000000008ad00000, 0x000000008ae00000|  0%| F|  |TAMS 0x000000008ad00000| PB 0x000000008ad00000| Untracked 
| 124|0x000000008ae00000, 0x000000008aeec0d0, 0x000000008af00000| 92%| E|  |TAMS 0x000000008ae00000| PB 0x000000008ae00000| Complete 
| 125|0x000000008af00000, 0x000000008b000000, 0x000000008b000000|100%| E|CS|TAMS 0x000000008af00000| PB 0x000000008af00000| Complete 

Card table byte_map: [0x000001a7fcaa0000,0x000001a7fce90000] _byte_map_base: 0x000001a7fc687000

Marking Bits: (CMBitMap*) 0x000001a7e5304c50
 Bits: [0x000001a7fd280000, 0x000001a7ff1b8000)

Polling page: 0x000001a7e3200000

Metaspace:

Usage:
  Non-class:      4.37 MB used.
      Class:    371.16 KB used.
       Both:      4.74 MB used.

Virtual space:
  Non-class space:       64.00 MB reserved,       4.38 MB (  7%) committed,  1 nodes.
      Class space:        1.00 GB reserved,     384.00 KB ( <1%) committed,  1 nodes.
             Both:        1.06 GB reserved,       4.75 MB ( <1%) committed. 

Chunk freelists:
   Non-Class:  3.00 MB
       Class:  3.62 MB
        Both:  6.62 MB

MaxMetaspaceSize: unlimited
CompressedClassSpaceSize: 1.00 GB
Initial GC threshold: 21.00 MB
Current GC threshold: 21.00 MB
CDS: off
MetaspaceReclaimPolicy: balanced
 - commit_granule_bytes: 65536.
 - commit_granule_words: 8192.
 - virtual_space_node_default_size: 8388608.
 - enlarge_chunks_in_place: 1.
 - new_chunks_are_fully_committed: 0.
 - uncommit_free_chunks: 1.
 - use_allocation_guard: 0.


Internal statistics:

num_allocs_failed_limit: 0.
num_arena_births: 2.
num_arena_deaths: 0.
num_vsnodes_births: 2.
num_vsnodes_deaths: 0.
num_space_committed: 76.
num_space_uncommitted: 0.
num_chunks_returned_to_freelist: 0.
num_chunks_taken_from_freelist: 5.
num_chunk_merges: 0.
num_chunk_splits: 2.
num_chunks_enlarged: 0.
num_inconsistent_stats: 0.

CodeHeap 'non-profiled nmethods': size=120000Kb used=11Kb max_used=11Kb free=119988Kb
 bounds [0x000001a7f4e50000, 0x000001a7f50c0000, 0x000001a7fc380000]
CodeHeap 'profiled nmethods': size=120000Kb used=48Kb max_used=48Kb free=119951Kb
 bounds [0x000001a7ed380000, 0x000001a7ed5f0000, 0x000001a7f48b0000]
CodeHeap 'non-nmethods': size=5760Kb used=1347Kb max_used=1347Kb free=4412Kb
 bounds [0x000001a7f48b0000, 0x000001a7f4b20000, 0x000001a7f4e50000]
 total_blobs=378 nmethods=42 adapters=247
 compilation: enabled
              stopped_count=0, restarted_count=0
 full_count=0

Compilation events (20 events):
Event: 0.060 Thread 0x000001a786156290 nmethod 24 0x000001a7f4e50610 code [0x000001a7f4e50780, 0x000001a7f4e50848]
Event: 0.060 Thread 0x000001a786156290   25       3       java.net.URI::hash (33 bytes)
Event: 0.060 Thread 0x000001a786156290 nmethod 25 0x000001a7ed387090 code [0x000001a7ed387280, 0x000001a7ed387718]
Event: 0.061 Thread 0x000001a786156290   26       3       java.util.HashMap::hash (20 bytes)
Event: 0.061 Thread 0x000001a786155500 nmethod 15 0x000001a7f4e50910 code [0x000001a7f4e50a80, 0x000001a7f4e50bf8]
Event: 0.061 Thread 0x000001a786156290 nmethod 26 0x000001a7ed387910 code [0x000001a7ed387aa0, 0x000001a7ed387ca0]
Event: 0.062 Thread 0x000001a786156290   27       3       java.lang.String::isEmpty (14 bytes)
Event: 0.062 Thread 0x000001a786156290 nmethod 27 0x000001a7ed387d90 code [0x000001a7ed387f20, 0x000001a7ed388098]
Event: 0.063 Thread 0x000001a786156290   28       3       java.lang.StringLatin1::indexOfChar (33 bytes)
Event: 0.063 Thread 0x000001a786156290 nmethod 28 0x000001a7ed388190 code [0x000001a7ed388320, 0x000001a7ed388558]
Event: 0.065 Thread 0x000001a786156290   29       3       java.util.ImmutableCollections$SetN$SetNIterator::hasNext (13 bytes)
Event: 0.065 Thread 0x000001a786156290 nmethod 29 0x000001a7ed388690 code [0x000001a7ed388820, 0x000001a7ed388990]
Event: 0.065 Thread 0x000001a786156290   31       3       java.util.ImmutableCollections$SetN$SetNIterator::next (90 bytes)
Event: 0.065 Thread 0x000001a786156290 nmethod 31 0x000001a7ed388a10 code [0x000001a7ed388bc0, 0x000001a7ed388ed0]
Event: 0.066 Thread 0x000001a786156290   30       3       java.util.concurrent.ConcurrentHashMap::tabAt (22 bytes)
Event: 0.066 Thread 0x000001a786156290 nmethod 30 0x000001a7ed389010 code [0x000001a7ed3891a0, 0x000001a7ed389470]
Event: 0.072 Thread 0x000001a786156290   34   !   3       java.util.concurrent.ConcurrentHashMap::putVal (432 bytes)
Event: 0.073 Thread 0x000001a786156290 nmethod 34 0x000001a7ed389590 code [0x000001a7ed3898e0, 0x000001a7ed38b3b0]
Event: 0.073 Thread 0x000001a786156290   35       3       java.util.concurrent.ConcurrentHashMap$Node::<init> (20 bytes)
Event: 0.073 Thread 0x000001a786156290 nmethod 35 0x000001a7ed38bd90 code [0x000001a7ed38bf20, 0x000001a7ed38c150]

GC Heap History (0 events):
No events

Dll operation events (2 events):
Event: 0.008 Loaded shared library C:\Program Files\Java\jdk-20\bin\java.dll
Event: 0.030 Loaded shared library C:\Program Files\Java\jdk-20\bin\jsvml.dll

Deoptimization events (0 events):
No events

Classes loaded (20 events):
Event: 0.072 Loading class java/lang/invoke/SimpleMethodHandle done
Event: 0.072 Loading class java/lang/NoSuchFieldException
Event: 0.072 Loading class java/lang/NoSuchFieldException done
Event: 0.072 Loading class java/lang/invoke/BoundMethodHandle$Species_L
Event: 0.072 Loading class java/lang/invoke/BoundMethodHandle$Species_L done
Event: 0.073 Loading class java/lang/invoke/DirectMethodHandle$2
Event: 0.073 Loading class java/lang/invoke/DirectMethodHandle$2 done
Event: 0.073 Loading class java/lang/invoke/DirectMethodHandle$Accessor
Event: 0.073 Loading class java/lang/invoke/DirectMethodHandle$Accessor done
Event: 0.073 Loading class java/lang/invoke/DelegatingMethodHandle
Event: 0.073 Loading class java/lang/invoke/DelegatingMethodHandle done
Event: 0.073 Loading class java/lang/invoke/DelegatingMethodHandle$Holder
Event: 0.073 Loading class java/lang/invoke/DelegatingMethodHandle$Holder done
Event: 0.073 Loading class java/lang/invoke/VarHandle$AccessMode
Event: 0.073 Loading class java/lang/invoke/VarHandle$AccessMode done
Event: 0.073 Loading class java/lang/invoke/VarHandle$AccessType
Event: 0.073 Loading class java/lang/invoke/VarHandle$AccessType done
Event: 0.074 Loading class java/lang/invoke/Invokers$Holder
Event: 0.074 Loading class java/lang/invoke/Invokers$Holder done
Event: 0.074 Loading class java/lang/invoke/LambdaFormEditor

Classes unloaded (0 events):
No events

Classes redefined (0 events):
No events

Internal exceptions (0 events):
No events

VM Operations (0 events):
No events

Events (9 events):
Event: 0.030 Thread 0x000001a7e52a3f90 Thread added: 0x000001a7e52a3f90
Event: 0.046 Thread 0x000001a786150660 Thread added: 0x000001a786150660
Event: 0.046 Thread 0x000001a7861515f0 Thread added: 0x000001a7861515f0
Event: 0.047 Thread 0x000001a7861731e0 Thread added: 0x000001a7861731e0
Event: 0.047 Thread 0x000001a786175430 Thread added: 0x000001a786175430
Event: 0.047 Thread 0x000001a786195f70 Thread added: 0x000001a786195f70
Event: 0.047 Thread 0x000001a7861969a0 Thread added: 0x000001a7861969a0
Event: 0.047 Thread 0x000001a786155500 Thread added: 0x000001a786155500
Event: 0.047 Thread 0x000001a786156290 Thread added: 0x000001a786156290


Dynamic libraries:
0x00007ff606ca0000 - 0x00007ff606cb0000 	C:\Program Files\Java\jdk-20\bin\java.exe
0x00007ffc5bfd0000 - 0x00007ffc5c1e7000 	C:\WINDOWS\SYSTEM32\ntdll.dll
0x00007ffc5a800000 - 0x00007ffc5a8c4000 	C:\WINDOWS\System32\KERNEL32.DLL
0x00007ffc59770000 - 0x00007ffc59b16000 	C:\WINDOWS\System32\KERNELBASE.dll
0x00007ffc593c0000 - 0x00007ffc594d1000 	C:\WINDOWS\System32\ucrtbase.dll
0x00007ffc55dc0000 - 0x00007ffc55dd9000 	C:\Program Files\Java\jdk-20\bin\jli.dll
0x00007ffbf88c0000 - 0x00007ffbf88db000 	C:\Program Files\Java\jdk-20\bin\VCRUNTIME140.dll
0x00007ffc5a290000 - 0x00007ffc5a340000 	C:\WINDOWS\System32\ADVAPI32.dll
0x00007ffc5a8d0000 - 0x00007ffc5a977000 	C:\WINDOWS\System32\msvcrt.dll
0x00007ffc5a750000 - 0x00007ffc5a7f6000 	C:\WINDOWS\System32\sechost.dll
0x00007ffc5a630000 - 0x00007ffc5a747000 	C:\WINDOWS\System32\RPCRT4.dll
0x00007ffc5ab90000 - 0x00007ffc5ad3d000 	C:\WINDOWS\System32\USER32.dll
0x00007ffc595d0000 - 0x00007ffc595f6000 	C:\WINDOWS\System32\win32u.dll
0x00007ffc3b2c0000 - 0x00007ffc3b553000 	C:\WINDOWS\WinSxS\amd64_microsoft.windows.common-controls_6595b64144ccf1df_6.0.22621.2361_none_2712ced57382f843\COMCTL32.dll
0x00007ffc5aa10000 - 0x00007ffc5aa39000 	C:\WINDOWS\System32\GDI32.dll
0x00007ffc59b20000 - 0x00007ffc59c38000 	C:\WINDOWS\System32\gdi32full.dll
0x00007ffc59320000 - 0x00007ffc593ba000 	C:\WINDOWS\System32\msvcp_win.dll
0x00007ffc4f7d0000 - 0x00007ffc4f7da000 	C:\WINDOWS\SYSTEM32\VERSION.dll
0x00007ffc5a090000 - 0x00007ffc5a0c1000 	C:\WINDOWS\System32\IMM32.DLL
0x00007ffc2d2a0000 - 0x00007ffc2d2ac000 	C:\Program Files\Java\jdk-20\bin\vcruntime140_1.dll
0x00007ffbf83e0000 - 0x00007ffbf846e000 	C:\Program Files\Java\jdk-20\bin\msvcp140.dll
0x00007ffbf88e0000 - 0x00007ffbf9578000 	C:\Program Files\Java\jdk-20\bin\server\jvm.dll
0x00007ffc500b0000 - 0x00007ffc500e4000 	C:\WINDOWS\SYSTEM32\WINMM.dll
0x00007ffc34c80000 - 0x00007ffc34c89000 	C:\WINDOWS\SYSTEM32\WSOCK32.dll
0x00007ffc5a3c0000 - 0x00007ffc5a431000 	C:\WINDOWS\System32\WS2_32.dll
0x00007ffc58300000 - 0x00007ffc58318000 	C:\WINDOWS\SYSTEM32\kernel.appcore.dll
0x00007ffc2c9d0000 - 0x00007ffc2c9da000 	C:\Program Files\Java\jdk-20\bin\jimage.dll
0x00007ffc56820000 - 0x00007ffc56a4e000 	C:\WINDOWS\SYSTEM32\DBGHELP.DLL
0x00007ffc59d00000 - 0x00007ffc5a08a000 	C:\WINDOWS\System32\combase.dll
0x00007ffc5a450000 - 0x00007ffc5a527000 	C:\WINDOWS\System32\OLEAUT32.dll
0x00007ffc3e520000 - 0x00007ffc3e552000 	C:\WINDOWS\SYSTEM32\dbgcore.DLL
0x00007ffc59550000 - 0x00007ffc595ca000 	C:\WINDOWS\System32\bcryptPrimitives.dll
0x00007ffbf8850000 - 0x00007ffbf8876000 	C:\Program Files\Java\jdk-20\bin\java.dll
0x00007ffbf8770000 - 0x00007ffbf8847000 	C:\Program Files\Java\jdk-20\bin\jsvml.dll
0x00007ffc5aff0000 - 0x00007ffc5b848000 	C:\WINDOWS\System32\SHELL32.dll
0x00007ffc57230000 - 0x00007ffc57b22000 	C:\WINDOWS\SYSTEM32\windows.storage.dll
0x00007ffc570f0000 - 0x00007ffc5722e000 	C:\WINDOWS\SYSTEM32\wintypes.dll
0x00007ffc5be60000 - 0x00007ffc5bf53000 	C:\WINDOWS\System32\SHCORE.dll
0x00007ffc5a360000 - 0x00007ffc5a3be000 	C:\WINDOWS\System32\shlwapi.dll
0x00007ffc59250000 - 0x00007ffc59276000 	C:\WINDOWS\SYSTEM32\profapi.dll

dbghelp: loaded successfully - version: 4.0.5 - missing functions: none
symbol engine: initialized successfully - sym options: 0x614 - pdb path: .;C:\Program Files\Java\jdk-20\bin;C:\WINDOWS\SYSTEM32;C:\WINDOWS\WinSxS\amd64_microsoft.windows.common-controls_6595b64144ccf1df_6.0.22621.2361_none_2712ced57382f843;C:\Program Files\Java\jdk-20\bin\server

VM Arguments:
jvm_args: -Dfile.encoding=UTF-8 --module-path=C:\Users\Selva\Documents\Projects\OOAD\CanteenManagementSystem\build\classes 
java_command: canteenmanagementsystem.CanteenInterface
java_class_path (initial): C:\Program Files\NetBeans-19\netbeans\java\modules\ext\AbsoluteLayout.jar;C:\Users\Selva\Documents\Projects\OOAD\CanteenManagementSystem\build\classes
Launcher Type: SUN_STANDARD

[Global flags]
     intx CICompilerCount                          = 4                                         {product} {ergonomic}
     uint ConcGCThreads                            = 2                                         {product} {ergonomic}
     uint G1ConcRefinementThreads                  = 8                                         {product} {ergonomic}
   size_t G1HeapRegionSize                         = 1048576                                   {product} {ergonomic}
    uintx GCDrainStackTargetSize                   = 64                                        {product} {ergonomic}
   size_t InitialHeapSize                          = 132120576                                 {product} {ergonomic}
   size_t MarkStackSize                            = 4194304                                   {product} {ergonomic}
   size_t MaxHeapSize                              = 2095054848                                {product} {ergonomic}
   size_t MaxNewSize                               = 1256194048                                {product} {ergonomic}
   size_t MinHeapDeltaBytes                        = 1048576                                   {product} {ergonomic}
   size_t MinHeapSize                              = 8388608                                   {product} {ergonomic}
    uintx NonNMethodCodeHeapSize                   = 5839372                                {pd product} {ergonomic}
    uintx NonProfiledCodeHeapSize                  = 122909434                              {pd product} {ergonomic}
    uintx ProfiledCodeHeapSize                     = 122909434                              {pd product} {ergonomic}
    uintx ReservedCodeCacheSize                    = 251658240                              {pd product} {ergonomic}
     bool SegmentedCodeCache                       = true                                      {product} {ergonomic}
   size_t SoftMaxHeapSize                          = 2095054848                             {manageable} {ergonomic}
     bool UseCompressedClassPointers               = true                           {product lp64_product} {ergonomic}
     bool UseCompressedOops                        = true                           {product lp64_product} {ergonomic}
     bool UseG1GC                                  = true                                      {product} {ergonomic}
     bool UseLargePagesIndividualAllocation        = false                                  {pd product} {ergonomic}

Logging:
Log output configuration:
 #0: stdout all=warning uptime,level,tags foldmultilines=false
 #1: stderr all=off uptime,level,tags foldmultilines=false

Environment Variables:
PATH=C:\Program Files\Common Files\Oracle\Java\javapath;C:\Program Files (x86)\Common Files\Oracle\Java\javapath;C:\WINDOWS\system32;C:\WINDOWS;C:\WINDOWS\System32\Wbem;C:\WINDOWS\System32\WindowsPowerShell\v1.0\;C:\WINDOWS\System32\OpenSSH\;C:\Program Files (x86)\dotnet\;C:\MinGW\bin;C:\Program Files\Git\cmd;C:\Program Files\nodejs\;C:\Program Files\Java\jdk-20\bin;C:\Users\Selva\AppData\Local\Programs\Microsoft VS Code\bin;C:\Users\Selva\Documents\FlutterDev\flutter\bin;
USERNAME=Selva
OS=Windows_NT
PROCESSOR_IDENTIFIER=Intel64 Family 6 Model 140 Stepping 1, GenuineIntel
TMP=C:\Users\Selva\AppData\Local\Temp
TEMP=C:\Users\Selva\AppData\Local\Temp




---------------  S Y S T E M  ---------------

OS:
 Windows 11 , 64 bit Build 22621 (10.0.22621.2428)
OS uptime: 14 days 23:06 hours
Hyper-V role detected

CPU: total 8 (initial active 8) (4 cores per cpu, 2 threads per core) family 6 model 140 stepping 1 microcode 0x8a, cx8, cmov, fxsr, ht, mmx, 3dnowpref, sse, sse2, sse3, ssse3, sse4.1, sse4.2, popcnt, lzcnt, tsc, tscinvbit, avx, avx2, aes, erms, clmul, bmi1, bmi2, adx, avx512f, avx512dq, avx512cd, avx512bw, avx512vl, sha, fma, vzeroupper, avx512_vpopcntdq, avx512_vpclmulqdq, avx512_vaes, avx512_vnni, clflush, clflushopt, clwb, avx512_vbmi2, avx512_vbmi, hv, rdtscp, rdpid, fsrm, gfni, avx512_bitalg, f16c, cet_ibt, cet_ss, avx512_ifma

Memory: 4k page, system-wide physical 7991M (1092M free)
TotalPageFile size 27239M (AvailPageFile size 4M)
current process WorkingSet (physical memory assigned to process): 28M, peak: 28M
current process commit charge ("private bytes"): 199M, peak: 202M

vm_info: Java HotSpot(TM) 64-Bit Server VM (20.0.2+9-78) for windows-amd64 JRE (20.0.2+9-78), built on 2023-06-14T10:08:48Z by "mach5one" with MS VC++ 17.1 (VS2022)

END.
